Logfile initialized
[INFO] logfile = /Users/albertsorianogarcia/Documents/Titanium Studio Workspace/Coffe_Cup/build.log
[DEBUG] /Users/albertsorianogarcia/Library/Application Support/Titanium/mobilesdk/osx/2.1.3.GA/android/builder.py simulator CoffeCup /Users/albertsorianogarcia/Desktop/android /Users/albertsorianogarcia/Documents/Titanium Studio Workspace/Coffe_Cup artvisual.coffecup 4 HVGA 
[INFO] Building CoffeCup for Android ... one moment
[INFO] Titanium SDK version: 2.1.3 (10/02/12 16:16 15997d0)
[DEBUG] Waiting for device to be ready ...
[TRACE] adb devices returned 0 devices/emulators
[TRACE] adb devices returned 1 devices/emulators
[TRACE] adb devices returned 1 devices/emulators
[TRACE] adb devices returned 1 devices/emulators
[TRACE] adb devices returned 1 devices/emulators
[TRACE] adb devices returned 1 devices/emulators
[TRACE] adb devices returned 1 devices/emulators
[TRACE] adb devices returned 1 devices/emulators
[TRACE] adb devices returned 1 devices/emulators
[TRACE] adb devices returned 1 devices/emulators
[DEBUG] Device connected... (waited 45 seconds)
[DEBUG] waited 45.736242 seconds on emulator to get ready
[INFO] Waiting for the Android Emulator to become available
[ERROR] Timed out waiting for android.process.acore
[DEBUG] artvisual.coffecup installed? False
[INFO] Fastdev server running, deploying in Fastdev mode
[INFO] Copying CommonJS modules...
[INFO] Copying project resources..
[INFO] Detected change in tiapp.xml, or assets deleted. Forcing full re-build...
[TRACE] COPYING CREATED FILE: /Users/albertsorianogarcia/Documents/Titanium Studio Workspace/Coffe_Cup/Resources/android/appicon.png => /Users/albertsorianogarcia/Documents/Titanium Studio Workspace/Coffe_Cup/build/android/bin/assets/Resources/appicon.png
[TRACE] COPYING CREATED FILE: /Users/albertsorianogarcia/Documents/Titanium Studio Workspace/Coffe_Cup/Resources/android/default.png => /Users/albertsorianogarcia/Documents/Titanium Studio Workspace/Coffe_Cup/build/android/bin/assets/Resources/default.png
[TRACE] COPYING CREATED FILE: /Users/albertsorianogarcia/Documents/Titanium Studio Workspace/Coffe_Cup/Resources/app.js => /Users/albertsorianogarcia/Documents/Titanium Studio Workspace/Coffe_Cup/build/android/bin/assets/Resources/app.js
[TRACE] COPYING CREATED FILE: /Users/albertsorianogarcia/Documents/Titanium Studio Workspace/Coffe_Cup/Resources/functions.js => /Users/albertsorianogarcia/Documents/Titanium Studio Workspace/Coffe_Cup/build/android/bin/assets/Resources/functions.js
[TRACE] COPYING CREATED FILE: /Users/albertsorianogarcia/Documents/Titanium Studio Workspace/Coffe_Cup/Resources/images/sobre.png => /Users/albertsorianogarcia/Documents/Titanium Studio Workspace/Coffe_Cup/build/android/bin/assets/Resources/images/sobre.png
[TRACE] COPYING CREATED FILE: /Users/albertsorianogarcia/Documents/Titanium Studio Workspace/Coffe_Cup/Resources/images/sobre_act.png => /Users/albertsorianogarcia/Documents/Titanium Studio Workspace/Coffe_Cup/build/android/bin/assets/Resources/images/sobre_act.png
[TRACE] COPYING CREATED FILE: /Users/albertsorianogarcia/Documents/Titanium Studio Workspace/Coffe_Cup/Resources/images/tel.png => /Users/albertsorianogarcia/Documents/Titanium Studio Workspace/Coffe_Cup/build/android/bin/assets/Resources/images/tel.png
[TRACE] COPYING CREATED FILE: /Users/albertsorianogarcia/Documents/Titanium Studio Workspace/Coffe_Cup/Resources/pathMods.js => /Users/albertsorianogarcia/Documents/Titanium Studio Workspace/Coffe_Cup/build/android/bin/assets/Resources/pathMods.js
[TRACE] COPYING CREATED FILE: /Users/albertsorianogarcia/Documents/Titanium Studio Workspace/Coffe_Cup/Resources/ui/styles/android.js => /Users/albertsorianogarcia/Documents/Titanium Studio Workspace/Coffe_Cup/build/android/bin/assets/Resources/ui/styles/android.js
[TRACE] COPYING CREATED FILE: /Users/albertsorianogarcia/Documents/Titanium Studio Workspace/Coffe_Cup/Resources/ui/styles/ios.js => /Users/albertsorianogarcia/Documents/Titanium Studio Workspace/Coffe_Cup/build/android/bin/assets/Resources/ui/styles/ios.js
[TRACE] COPYING CREATED FILE: /Users/albertsorianogarcia/Documents/Titanium Studio Workspace/Coffe_Cup/Resources/ui/styles/mainWindow.js => /Users/albertsorianogarcia/Documents/Titanium Studio Workspace/Coffe_Cup/build/android/bin/assets/Resources/ui/styles/mainWindow.js
[TRACE] COPYING CREATED FILE: /Users/albertsorianogarcia/Documents/Titanium Studio Workspace/Coffe_Cup/Resources/windows.js => /Users/albertsorianogarcia/Documents/Titanium Studio Workspace/Coffe_Cup/build/android/bin/assets/Resources/windows.js
[TRACE] Generating Java Classes
[DEBUG] Processing Android resource drawables
[TRACE] COPYING FILE: /Users/albertsorianogarcia/Documents/Titanium Studio Workspace/Coffe_Cup/Resources/android/images/res-long-land-hdpi/default.png => /Users/albertsorianogarcia/Documents/Titanium Studio Workspace/Coffe_Cup/build/android/res/drawable-long-land-hdpi/default_d44e27d97b.png
[TRACE] COPYING FILE: /Users/albertsorianogarcia/Documents/Titanium Studio Workspace/Coffe_Cup/Resources/android/images/res-long-land-ldpi/default.png => /Users/albertsorianogarcia/Documents/Titanium Studio Workspace/Coffe_Cup/build/android/res/drawable-long-land-ldpi/default_d44e27d97b.png
[TRACE] COPYING FILE: /Users/albertsorianogarcia/Documents/Titanium Studio Workspace/Coffe_Cup/Resources/android/images/res-long-port-hdpi/default.png => /Users/albertsorianogarcia/Documents/Titanium Studio Workspace/Coffe_Cup/build/android/res/drawable-long-port-hdpi/default_d44e27d97b.png
[TRACE] COPYING FILE: /Users/albertsorianogarcia/Documents/Titanium Studio Workspace/Coffe_Cup/Resources/android/images/res-long-port-ldpi/default.png => /Users/albertsorianogarcia/Documents/Titanium Studio Workspace/Coffe_Cup/build/android/res/drawable-long-port-ldpi/default_d44e27d97b.png
[TRACE] COPYING FILE: /Users/albertsorianogarcia/Documents/Titanium Studio Workspace/Coffe_Cup/Resources/android/images/res-notlong-land-hdpi/default.png => /Users/albertsorianogarcia/Documents/Titanium Studio Workspace/Coffe_Cup/build/android/res/drawable-notlong-land-hdpi/default_d44e27d97b.png
[TRACE] COPYING FILE: /Users/albertsorianogarcia/Documents/Titanium Studio Workspace/Coffe_Cup/Resources/android/images/res-notlong-land-ldpi/default.png => /Users/albertsorianogarcia/Documents/Titanium Studio Workspace/Coffe_Cup/build/android/res/drawable-notlong-land-ldpi/default_d44e27d97b.png
[TRACE] COPYING FILE: /Users/albertsorianogarcia/Documents/Titanium Studio Workspace/Coffe_Cup/Resources/android/images/res-notlong-land-mdpi/default.png => /Users/albertsorianogarcia/Documents/Titanium Studio Workspace/Coffe_Cup/build/android/res/drawable-notlong-land-mdpi/default_d44e27d97b.png
[TRACE] COPYING FILE: /Users/albertsorianogarcia/Documents/Titanium Studio Workspace/Coffe_Cup/Resources/android/images/res-notlong-port-hdpi/default.png => /Users/albertsorianogarcia/Documents/Titanium Studio Workspace/Coffe_Cup/build/android/res/drawable-notlong-port-hdpi/default_d44e27d97b.png
[TRACE] COPYING FILE: /Users/albertsorianogarcia/Documents/Titanium Studio Workspace/Coffe_Cup/Resources/android/images/res-notlong-port-ldpi/default.png => /Users/albertsorianogarcia/Documents/Titanium Studio Workspace/Coffe_Cup/build/android/res/drawable-notlong-port-ldpi/default_d44e27d97b.png
[TRACE] COPYING FILE: /Users/albertsorianogarcia/Documents/Titanium Studio Workspace/Coffe_Cup/Resources/android/images/res-notlong-port-mdpi/default.png => /Users/albertsorianogarcia/Documents/Titanium Studio Workspace/Coffe_Cup/build/android/res/drawable-notlong-port-mdpi/default_d44e27d97b.png
[DEBUG] app stylesheet => /Users/albertsorianogarcia/Documents/Titanium Studio Workspace/Coffe_Cup/build/android/gen/artvisual/coffecup/ApplicationStylesheet.java
[DEBUG] copying app icon: /Users/albertsorianogarcia/Documents/Titanium Studio Workspace/Coffe_Cup/build/android/bin/assets/Resources/appicon.png
[DEBUG] generating theme.xml
[DEBUG] found drawable-long-land-hdpi splash screen at /Users/albertsorianogarcia/Documents/Titanium Studio Workspace/Coffe_Cup/Resources/android/images/res-long-land-hdpi/default.png
[DEBUG] copying /Users/albertsorianogarcia/Documents/Titanium Studio Workspace/Coffe_Cup/Resources/android/images/res-long-land-hdpi/default.png splash screen to /Users/albertsorianogarcia/Documents/Titanium Studio Workspace/Coffe_Cup/build/android/res/drawable-long-land-hdpi/background.png
[DEBUG] found drawable-long-land-ldpi splash screen at /Users/albertsorianogarcia/Documents/Titanium Studio Workspace/Coffe_Cup/Resources/android/images/res-long-land-ldpi/default.png
[DEBUG] copying /Users/albertsorianogarcia/Documents/Titanium Studio Workspace/Coffe_Cup/Resources/android/images/res-long-land-ldpi/default.png splash screen to /Users/albertsorianogarcia/Documents/Titanium Studio Workspace/Coffe_Cup/build/android/res/drawable-long-land-ldpi/background.png
[DEBUG] found drawable-long-port-hdpi splash screen at /Users/albertsorianogarcia/Documents/Titanium Studio Workspace/Coffe_Cup/Resources/android/images/res-long-port-hdpi/default.png
[DEBUG] copying /Users/albertsorianogarcia/Documents/Titanium Studio Workspace/Coffe_Cup/Resources/android/images/res-long-port-hdpi/default.png splash screen to /Users/albertsorianogarcia/Documents/Titanium Studio Workspace/Coffe_Cup/build/android/res/drawable-long-port-hdpi/background.png
[DEBUG] found drawable-long-port-ldpi splash screen at /Users/albertsorianogarcia/Documents/Titanium Studio Workspace/Coffe_Cup/Resources/android/images/res-long-port-ldpi/default.png
[DEBUG] copying /Users/albertsorianogarcia/Documents/Titanium Studio Workspace/Coffe_Cup/Resources/android/images/res-long-port-ldpi/default.png splash screen to /Users/albertsorianogarcia/Documents/Titanium Studio Workspace/Coffe_Cup/build/android/res/drawable-long-port-ldpi/background.png
[DEBUG] found drawable-notlong-land-hdpi splash screen at /Users/albertsorianogarcia/Documents/Titanium Studio Workspace/Coffe_Cup/Resources/android/images/res-notlong-land-hdpi/default.png
[DEBUG] copying /Users/albertsorianogarcia/Documents/Titanium Studio Workspace/Coffe_Cup/Resources/android/images/res-notlong-land-hdpi/default.png splash screen to /Users/albertsorianogarcia/Documents/Titanium Studio Workspace/Coffe_Cup/build/android/res/drawable-notlong-land-hdpi/background.png
[DEBUG] found drawable-notlong-land-ldpi splash screen at /Users/albertsorianogarcia/Documents/Titanium Studio Workspace/Coffe_Cup/Resources/android/images/res-notlong-land-ldpi/default.png
[DEBUG] copying /Users/albertsorianogarcia/Documents/Titanium Studio Workspace/Coffe_Cup/Resources/android/images/res-notlong-land-ldpi/default.png splash screen to /Users/albertsorianogarcia/Documents/Titanium Studio Workspace/Coffe_Cup/build/android/res/drawable-notlong-land-ldpi/background.png
[DEBUG] found drawable-notlong-land-mdpi splash screen at /Users/albertsorianogarcia/Documents/Titanium Studio Workspace/Coffe_Cup/Resources/android/images/res-notlong-land-mdpi/default.png
[DEBUG] copying /Users/albertsorianogarcia/Documents/Titanium Studio Workspace/Coffe_Cup/Resources/android/images/res-notlong-land-mdpi/default.png splash screen to /Users/albertsorianogarcia/Documents/Titanium Studio Workspace/Coffe_Cup/build/android/res/drawable-notlong-land-mdpi/background.png
[DEBUG] found drawable-notlong-port-hdpi splash screen at /Users/albertsorianogarcia/Documents/Titanium Studio Workspace/Coffe_Cup/Resources/android/images/res-notlong-port-hdpi/default.png
[DEBUG] copying /Users/albertsorianogarcia/Documents/Titanium Studio Workspace/Coffe_Cup/Resources/android/images/res-notlong-port-hdpi/default.png splash screen to /Users/albertsorianogarcia/Documents/Titanium Studio Workspace/Coffe_Cup/build/android/res/drawable-notlong-port-hdpi/background.png
[DEBUG] found drawable-notlong-port-ldpi splash screen at /Users/albertsorianogarcia/Documents/Titanium Studio Workspace/Coffe_Cup/Resources/android/images/res-notlong-port-ldpi/default.png
[DEBUG] copying /Users/albertsorianogarcia/Documents/Titanium Studio Workspace/Coffe_Cup/Resources/android/images/res-notlong-port-ldpi/default.png splash screen to /Users/albertsorianogarcia/Documents/Titanium Studio Workspace/Coffe_Cup/build/android/res/drawable-notlong-port-ldpi/background.png
[DEBUG] found drawable-notlong-port-mdpi splash screen at /Users/albertsorianogarcia/Documents/Titanium Studio Workspace/Coffe_Cup/Resources/android/images/res-notlong-port-mdpi/default.png
[DEBUG] copying /Users/albertsorianogarcia/Documents/Titanium Studio Workspace/Coffe_Cup/Resources/android/images/res-notlong-port-mdpi/default.png splash screen to /Users/albertsorianogarcia/Documents/Titanium Studio Workspace/Coffe_Cup/build/android/res/drawable-notlong-port-mdpi/background.png
[DEBUG] found splash screen at /Users/albertsorianogarcia/Documents/Titanium Studio Workspace/Coffe_Cup/build/android/bin/assets/Resources/default.png
[TRACE] Writing out AndroidManifest.xml
[DEBUG] adding /Users/albertsorianogarcia/Documents/Titanium Studio Workspace/Coffe_Cup/build/android/gen/artvisual/coffecup/ApplicationStylesheet.java to javac build list
[DEBUG] adding /Users/albertsorianogarcia/Documents/Titanium Studio Workspace/Coffe_Cup/build/android/gen/artvisual/coffecup/CoffecupActivity.java to javac build list
[DEBUG] adding /Users/albertsorianogarcia/Documents/Titanium Studio Workspace/Coffe_Cup/build/android/gen/artvisual/coffecup/CoffecupAppInfo.java to javac build list
[DEBUG] adding /Users/albertsorianogarcia/Documents/Titanium Studio Workspace/Coffe_Cup/build/android/gen/artvisual/coffecup/CoffecupApplication.java to javac build list
[DEBUG] adding /Users/albertsorianogarcia/Documents/Titanium Studio Workspace/Coffe_Cup/build/android/gen/artvisual/coffecup/R.java to javac build list
[DEBUG] Building Java Sources: "/Users/albertsorianogarcia/Documents/Titanium Studio Workspace/Coffe_Cup/build/android/gen/artvisual/coffecup/ApplicationStylesheet.java" "/Users/albertsorianogarcia/Documents/Titanium Studio Workspace/Coffe_Cup/build/android/gen/artvisual/coffecup/CoffecupActivity.java" "/Users/albertsorianogarcia/Documents/Titanium Studio Workspace/Coffe_Cup/build/android/gen/artvisual/coffecup/CoffecupAppInfo.java" "/Users/albertsorianogarcia/Documents/Titanium Studio Workspace/Coffe_Cup/build/android/gen/artvisual/coffecup/CoffecupApplication.java" "/Users/albertsorianogarcia/Documents/Titanium Studio Workspace/Coffe_Cup/build/android/gen/artvisual/coffecup/R.java"
[INFO] Waiting for SDCard to become available..
[INFO] Compiling Android Resources... This could take some time
[DEBUG] Android classes.dex built
[DEBUG] creating unsigned apk: /Users/albertsorianogarcia/Documents/Titanium Studio Workspace/Coffe_Cup/build/android/bin/app-unsigned.apk
[DEBUG] from resource zip => assets/Resources/images/sobre.png
[DEBUG] from resource zip => assets/Resources/images/sobre_act.png
[DEBUG] from resource zip => assets/Resources/images/tel.png
[DEBUG] from resource zip => assets/Resources/ui/styles/android.js
[DEBUG] from resource zip => assets/Resources/ui/styles/ios.js
[DEBUG] from resource zip => assets/Resources/ui/styles/mainWindow.js
[DEBUG] from resource zip => assets/Resources/app.js
[DEBUG] from resource zip => assets/Resources/appicon.png
[DEBUG] from resource zip => assets/Resources/default.png
[DEBUG] from resource zip => assets/Resources/functions.js
[DEBUG] from resource zip => assets/Resources/pathMods.js
[DEBUG] from resource zip => assets/Resources/ti.cloud.js
[DEBUG] from resource zip => assets/Resources/windows.js
[DEBUG] from resource zip => assets/app.json
[DEBUG] from resource zip => assets/index.json
[DEBUG] from resource zip => assets/tiapp.xml
[DEBUG] from resource zip => res/drawable/appicon.png
[DEBUG] from resource zip => res/drawable/background.png
[DEBUG] from resource zip => res/drawable/close.png
[DEBUG] from resource zip => res/drawable/facebook_login.png
[DEBUG] from resource zip => res/drawable/facebook_login_down.png
[DEBUG] from resource zip => res/drawable/facebook_login_wide.png
[DEBUG] from resource zip => res/drawable/facebook_login_wide_down.png
[DEBUG] from resource zip => res/drawable/facebook_logout.png
[DEBUG] from resource zip => res/drawable/facebook_logout_down.png
[DEBUG] from resource zip => res/layout/titanium_tabgroup.xml
[DEBUG] from resource zip => AndroidManifest.xml
[DEBUG] from resource zip => resources.arsc
[DEBUG] from resource zip => res/drawable-hdpi/close.png
[DEBUG] from resource zip => res/drawable-ldpi/close.png
[DEBUG] from resource zip => res/drawable-long-land-hdpi/background.png
[DEBUG] from resource zip => res/drawable-long-land-hdpi/default_d44e27d97b.png
[DEBUG] from resource zip => res/drawable-long-land-ldpi/background.png
[DEBUG] from resource zip => res/drawable-long-land-ldpi/default_d44e27d97b.png
[DEBUG] from resource zip => res/drawable-long-port-hdpi/background.png
[DEBUG] from resource zip => res/drawable-long-port-hdpi/default_d44e27d97b.png
[DEBUG] from resource zip => res/drawable-long-port-ldpi/background.png
[DEBUG] from resource zip => res/drawable-long-port-ldpi/default_d44e27d97b.png
[DEBUG] from resource zip => res/drawable-notlong-land-hdpi/background.png
[DEBUG] from resource zip => res/drawable-notlong-land-hdpi/default_d44e27d97b.png
[DEBUG] from resource zip => res/drawable-notlong-land-ldpi/background.png
[DEBUG] from resource zip => res/drawable-notlong-land-ldpi/default_d44e27d97b.png
[DEBUG] from resource zip => res/drawable-notlong-land-mdpi/background.png
[DEBUG] from resource zip => res/drawable-notlong-land-mdpi/default_d44e27d97b.png
[DEBUG] from resource zip => res/drawable-notlong-port-hdpi/background.png
[DEBUG] from resource zip => res/drawable-notlong-port-hdpi/default_d44e27d97b.png
[DEBUG] from resource zip => res/drawable-notlong-port-ldpi/background.png
[DEBUG] from resource zip => res/drawable-notlong-port-ldpi/default_d44e27d97b.png
[DEBUG] from resource zip => res/drawable-notlong-port-mdpi/background.png
[DEBUG] from resource zip => res/drawable-notlong-port-mdpi/default_d44e27d97b.png
[DEBUG] from JAR /Users/albertsorianogarcia/Library/Application Support/Titanium/mobilesdk/osx/2.1.3.GA/android/thirdparty.jar => org/apache/Commons-NOTICE.txt
[DEBUG] from JAR /Users/albertsorianogarcia/Library/Application Support/Titanium/mobilesdk/osx/2.1.3.GA/android/thirdparty.jar => org/apache/HttpComponents-NOTICE.txt
[DEBUG] from JAR /Users/albertsorianogarcia/Library/Application Support/Titanium/mobilesdk/osx/2.1.3.GA/android/thirdparty.jar => org/apache/mime4j-NOTICE.txt
[DEBUG] from JAR /Users/albertsorianogarcia/Library/Application Support/Titanium/mobilesdk/osx/2.1.3.GA/android/titanium.jar => org/appcelerator/titanium/build.properties
[DEBUG] from JAR /Users/albertsorianogarcia/Library/Application Support/Titanium/mobilesdk/osx/2.1.3.GA/android/titanium.jar => org/appcelerator/titanium/res/drawable/background.png
[DEBUG] from JAR /Users/albertsorianogarcia/Library/Application Support/Titanium/mobilesdk/osx/2.1.3.GA/android/titanium.jar => org/appcelerator/titanium/res/drawable/btn_check_buttonless_on.png
[DEBUG] from JAR /Users/albertsorianogarcia/Library/Application Support/Titanium/mobilesdk/osx/2.1.3.GA/android/titanium.jar => org/appcelerator/titanium/res/drawable/btn_check_buttonless_on_18.png
[DEBUG] from JAR /Users/albertsorianogarcia/Library/Application Support/Titanium/mobilesdk/osx/2.1.3.GA/android/titanium.jar => org/appcelerator/titanium/res/drawable/btn_check_buttonless_on_48.png
[DEBUG] from JAR /Users/albertsorianogarcia/Library/Application Support/Titanium/mobilesdk/osx/2.1.3.GA/android/titanium.jar => org/appcelerator/titanium/res/drawable/btn_more.png
[DEBUG] from JAR /Users/albertsorianogarcia/Library/Application Support/Titanium/mobilesdk/osx/2.1.3.GA/android/titanium.jar => org/appcelerator/titanium/res/drawable/btn_more_18.png
[DEBUG] from JAR /Users/albertsorianogarcia/Library/Application Support/Titanium/mobilesdk/osx/2.1.3.GA/android/titanium.jar => org/appcelerator/titanium/res/drawable/btn_more_48.png
[DEBUG] from JAR /Users/albertsorianogarcia/Library/Application Support/Titanium/mobilesdk/osx/2.1.3.GA/android/titanium.jar => org/appcelerator/titanium/res/drawable/btn_picker_normal.9.png
[DEBUG] from JAR /Users/albertsorianogarcia/Library/Application Support/Titanium/mobilesdk/osx/2.1.3.GA/android/titanium.jar => org/appcelerator/titanium/res/drawable/btn_picker_pressed.9.png
[DEBUG] from JAR /Users/albertsorianogarcia/Library/Application Support/Titanium/mobilesdk/osx/2.1.3.GA/android/titanium.jar => org/appcelerator/titanium/res/drawable/btn_picker_selected.9.png
[DEBUG] from JAR /Users/albertsorianogarcia/Library/Application Support/Titanium/mobilesdk/osx/2.1.3.GA/android/titanium.jar => org/appcelerator/titanium/res/drawable/default_icon.png
[DEBUG] from JAR /Users/albertsorianogarcia/Library/Application Support/Titanium/mobilesdk/osx/2.1.3.GA/android/titanium.jar => org/appcelerator/titanium/res/drawable/photoDefault.png
[DEBUG] from JAR /Users/albertsorianogarcia/Library/Application Support/Titanium/mobilesdk/osx/2.1.3.GA/android/modules/titanium-facebook.jar => ti/modules/titanium/facebook/LICENSE
[DEBUG] from JAR /Users/albertsorianogarcia/Library/Application Support/Titanium/mobilesdk/osx/2.1.3.GA/android/modules/titanium-ui.jar => ti/modules/titanium/ui/widget/webview/binding.js
[DEBUG] from JAR /Users/albertsorianogarcia/Library/Application Support/Titanium/mobilesdk/osx/2.1.3.GA/android/modules/titanium-ui.jar => ti/modules/titanium/ui/widget/webview/binding.min.js
[DEBUG] from JAR /Users/albertsorianogarcia/Library/Application Support/Titanium/mobilesdk/osx/2.1.3.GA/android/modules/titanium-ui.jar => ti/modules/titanium/ui/widget/webview/json2.js
[DEBUG] from JAR /Users/albertsorianogarcia/Library/Application Support/Titanium/mobilesdk/osx/2.1.3.GA/android/modules/titanium-ui.jar => ti/modules/titanium/ui/widget/webview/polling.js
[DEBUG] from JAR /Users/albertsorianogarcia/Library/Application Support/Titanium/mobilesdk/osx/2.1.3.GA/android/modules/titanium-ui.jar => ti/modules/titanium/ui/widget/webview/polling.min.js
[DEBUG] installing native SDK libs
[DEBUG] Waiting for device to be ready ...
[TRACE] adb devices returned 1 devices/emulators
[DEBUG] Device connected... (waited 0 seconds)
[DEBUG] waited 0.036922 seconds on emulator to get ready
[INFO] Installing application on emulator
[INFO] Launching application ... CoffeCup
[TRACE] Launch output: Starting: Intent { act=android.intent.action.MAIN cat=[android.intent.category.LAUNCHER] flg=0x10200000 cmp=artvisual.coffecup/.CoffecupActivity }

[INFO] Deployed CoffeCup ... Application should be running.
